{"/Users/admin/workspace/facebook-clone/api/src/config.ts": {"path":"/Users/admin/workspace/facebook-clone/api/src/config.ts","statementMap":{"0":{"start":{"line":1,"column":0},"end":{"line":1,"column":28}},"1":{"start":{"line":3,"column":0},"end":{"line":7,"column":null}},"2":{"start":{"line":4,"column":2},"end":{"line":4,"column":46}},"3":{"start":{"line":5,"column":7},"end":{"line":7,"column":null}},"4":{"start":{"line":6,"column":2},"end":{"line":6,"column":39}},"5":{"start":{"line":9,"column":13},"end":{"line":9,"column":59}},"6":{"start":{"line":10,"column":13},"end":{"line":10,"column":45}}},"fnMap":{},"branchMap":{"0":{"loc":{"start":{"line":3,"column":0},"end":{"line":7,"column":null}},"type":"if","locations":[{"start":{"line":3,"column":0},"end":{"line":7,"column":null}},{"start":{"line":3,"column":0},"end":{"line":7,"column":null}}]},"1":{"loc":{"start":{"line":5,"column":7},"end":{"line":7,"column":null}},"type":"if","locations":[{"start":{"line":5,"column":7},"end":{"line":7,"column":null}},{"start":{"line":5,"column":7},"end":{"line":7,"column":null}}]}},"s":{"0":1,"1":1,"2":0,"3":1,"4":1,"5":1,"6":1},"f":{},"b":{"0":[0,1],"1":[1,0]}}
,"/Users/admin/workspace/facebook-clone/api/src/schema.ts": {"path":"/Users/admin/workspace/facebook-clone/api/src/schema.ts","statementMap":{"0":{"start":{"line":1,"column":0},"end":{"line":1,"column":43}},"1":{"start":{"line":2,"column":0},"end":{"line":2,"column":49}},"2":{"start":{"line":3,"column":0},"end":{"line":3,"column":28}},"3":{"start":{"line":5,"column":13},"end":{"line":25,"column":3}}},"fnMap":{},"branchMap":{},"s":{"0":2,"1":2,"2":2,"3":2},"f":{},"b":{}}
,"/Users/admin/workspace/facebook-clone/api/src/testUtils.ts": {"path":"/Users/admin/workspace/facebook-clone/api/src/testUtils.ts","statementMap":{"0":{"start":{"line":1,"column":0},"end":{"line":1,"column":53}},"1":{"start":{"line":2,"column":0},"end":{"line":2,"column":34}},"2":{"start":{"line":4,"column":13},"end":{"line":5,"column":40}},"3":{"start":{"line":5,"column":2},"end":{"line":5,"column":40}}},"fnMap":{"0":{"name":"(anonymous_0)","decl":{"start":{"line":4,"column":32},"end":{"line":4,"column":33}},"loc":{"start":{"line":4,"column":45},"end":{"line":5,"column":6}}}},"branchMap":{},"s":{"0":2,"1":2,"2":2,"3":2},"f":{"0":2},"b":{}}
,"/Users/admin/workspace/facebook-clone/api/src/types.ts": {"path":"/Users/admin/workspace/facebook-clone/api/src/types.ts","statementMap":{"0":{"start":{"line":1,"column":0},"end":{"line":1,"column":38}},"1":{"start":{"line":2,"column":0},"end":{"line":2,"column":44}},"2":{"start":{"line":3,"column":0},"end":{"line":3,"column":36}},"3":{"start":{"line":4,"column":0},"end":{"line":4,"column":36}},"4":{"start":{"line":5,"column":0},"end":{"line":5,"column":52}},"5":{"start":{"line":7,"column":0},"end":{"line":7,"column":59}}},"fnMap":{},"branchMap":{},"s":{"0":2,"1":2,"2":2,"3":2,"4":2,"5":2},"f":{},"b":{}}
,"/Users/admin/workspace/facebook-clone/api/src/types/FriendStatus.ts": {"path":"/Users/admin/workspace/facebook-clone/api/src/types/FriendStatus.ts","statementMap":{"0":{"start":{"line":1,"column":0},"end":{"line":1,"column":43}},"1":{"start":{"line":3,"column":13},"end":{"line":15,"column":3}},"2":{"start":{"line":6,"column":4},"end":{"line":6,"column":17}},"3":{"start":{"line":7,"column":4},"end":{"line":7,"column":23}},"4":{"start":{"line":8,"column":4},"end":{"line":8,"column":25}},"5":{"start":{"line":9,"column":4},"end":{"line":9,"column":23}},"6":{"start":{"line":10,"column":4},"end":{"line":10,"column":21}},"7":{"start":{"line":11,"column":4},"end":{"line":11,"column":23}},"8":{"start":{"line":12,"column":4},"end":{"line":12,"column":23}},"9":{"start":{"line":13,"column":4},"end":{"line":13,"column":27}}},"fnMap":{"0":{"name":"(anonymous_0)","decl":{"start":{"line":5,"column":12},"end":{"line":5,"column":13}},"loc":{"start":{"line":5,"column":14},"end":{"line":14,"column":3}}}},"branchMap":{},"s":{"0":2,"1":2,"2":4,"3":4,"4":4,"5":4,"6":4,"7":4,"8":4,"9":4},"f":{"0":4},"b":{}}
,"/Users/admin/workspace/facebook-clone/api/src/types/Mutation.ts": {"path":"/Users/admin/workspace/facebook-clone/api/src/types/Mutation.ts","statementMap":{"0":{"start":{"line":1,"column":0},"end":{"line":1,"column":62}},"1":{"start":{"line":2,"column":0},"end":{"line":2,"column":41}},"2":{"start":{"line":5,"column":0},"end":{"line":5,"column":null}},"3":{"start":{"line":10,"column":0},"end":{"line":10,"column":60}},"4":{"start":{"line":11,"column":0},"end":{"line":11,"column":73}},"5":{"start":{"line":13,"column":13},"end":{"line":104,"column":3}},"6":{"start":{"line":15,"column":2},"end":{"line":15,"column":12}},"7":{"start":{"line":16,"column":4},"end":{"line":45,"column":7}},"8":{"start":{"line":31,"column":61},"end":{"line":44,"column":null}},"9":{"start":{"line":31,"column":41},"end":{"line":31,"column":46}},"10":{"start":{"line":31,"column":50},"end":{"line":31,"column":54}},"11":{"start":{"line":32,"column":29},"end":{"line":32,"column":null}},"12":{"start":{"line":32,"column":14},"end":{"line":32,"column":null}},"13":{"start":{"line":33,"column":21},"end":{"line":38,"column":null}},"14":{"start":{"line":33,"column":14},"end":{"line":38,"column":null}},"15":{"start":{"line":40,"column":14},"end":{"line":40,"column":57}},"16":{"start":{"line":41,"column":8},"end":{"line":41,"column":38}},"17":{"start":{"line":43,"column":8},"end":{"line":43,"column":20}},"18":{"start":{"line":47,"column":4},"end":{"line":53,"column":7}},"19":{"start":{"line":50,"column":8},"end":{"line":50,"column":33}},"20":{"start":{"line":51,"column":8},"end":{"line":51,"column":20}},"21":{"start":{"line":55,"column":4},"end":{"line":74,"column":7}},"22":{"start":{"line":61,"column":38},"end":{"line":61,"column":40}},"23":{"start":{"line":61,"column":48},"end":{"line":61,"column":50}},"24":{"start":{"line":62,"column":21},"end":{"line":62,"column":null}},"25":{"start":{"line":62,"column":14},"end":{"line":62,"column":null}},"26":{"start":{"line":63,"column":8},"end":{"line":63,"column":78}},"27":{"start":{"line":63,"column":19},"end":{"line":63,"column":78}},"28":{"start":{"line":65,"column":32},"end":{"line":65,"column":null}},"29":{"start":{"line":65,"column":14},"end":{"line":65,"column":null}},"30":{"start":{"line":66,"column":8},"end":{"line":67,"column":69}},"31":{"start":{"line":67,"column":10},"end":{"line":67,"column":69}},"32":{"start":{"line":69,"column":14},"end":{"line":69,"column":57}},"33":{"start":{"line":70,"column":8},"end":{"line":70,"column":38}},"34":{"start":{"line":72,"column":8},"end":{"line":72,"column":20}},"35":{"start":{"line":76,"column":4},"end":{"line":91,"column":7}},"36":{"start":{"line":82,"column":34},"end":{"line":82,"column":36}},"37":{"start":{"line":83,"column":23},"end":{"line":83,"column":47}},"38":{"start":{"line":84,"column":8},"end":{"line":89,"column":11}},"39":{"start":{"line":93,"column":4},"end":{"line":102,"column":7}},"40":{"start":{"line":99,"column":29},"end":{"line":99,"column":31}},"41":{"start":{"line":100,"column":8},"end":{"line":100,"column":61}}},"fnMap":{"0":{"name":"(anonymous_16)","decl":{"start":{"line":15,"column":12},"end":{"line":15,"column":13}},"loc":{"start":{"line":15,"column":14},"end":{"line":103,"column":3}}},"1":{"name":"(anonymous_17)","decl":{"start":{"line":31,"column":15},"end":{"line":31,"column":22}},"loc":{"start":{"line":31,"column":61},"end":{"line":44,"column":null}}},"2":{"name":"(anonymous_18)","decl":{"start":{"line":31,"column":61},"end":{"line":31,"column":null}},"loc":{"start":{"line":31,"column":61},"end":{"line":44,"column":null}}},"3":{"name":"(anonymous_20)","decl":{"start":{"line":49,"column":15},"end":{"line":49,"column":16}},"loc":{"start":{"line":49,"column":39},"end":{"line":52,"column":7}}},"4":{"name":"(anonymous_21)","decl":{"start":{"line":61,"column":15},"end":{"line":61,"column":22}},"loc":{"start":{"line":61,"column":59},"end":{"line":73,"column":null}}},"5":{"name":"(anonymous_24)","decl":{"start":{"line":82,"column":15},"end":{"line":82,"column":16}},"loc":{"start":{"line":82,"column":45},"end":{"line":90,"column":7}}},"6":{"name":"(anonymous_25)","decl":{"start":{"line":99,"column":15},"end":{"line":99,"column":16}},"loc":{"start":{"line":99,"column":40},"end":{"line":101,"column":7}}}},"branchMap":{"0":{"loc":{"start":{"line":32,"column":29},"end":{"line":32,"column":null}},"type":"switch","locations":[{"start":{"line":32,"column":29},"end":{"line":32,"column":null}}]},"1":{"loc":{"start":{"line":62,"column":21},"end":{"line":62,"column":null}},"type":"switch","locations":[{"start":{"line":62,"column":21},"end":{"line":62,"column":null}}]},"2":{"loc":{"start":{"line":63,"column":8},"end":{"line":63,"column":78}},"type":"if","locations":[{"start":{"line":63,"column":8},"end":{"line":63,"column":78}},{"start":{"line":63,"column":8},"end":{"line":63,"column":78}}]},"3":{"loc":{"start":{"line":66,"column":8},"end":{"line":67,"column":69}},"type":"if","locations":[{"start":{"line":66,"column":8},"end":{"line":67,"column":69}},{"start":{"line":66,"column":8},"end":{"line":67,"column":69}}]},"4":{"loc":{"start":{"line":83,"column":23},"end":{"line":83,"column":41}},"type":"binary-expr","locations":[{"start":{"line":83,"column":23},"end":{"line":83,"column":41}},{"start":{"line":83,"column":45},"end":{"line":83,"column":47}}]}},"s":{"0":2,"1":2,"2":2,"3":2,"4":2,"5":2,"6":4,"7":4,"8":1,"9":1,"10":1,"11":1,"12":1,"13":1,"14":1,"15":1,"16":1,"17":1,"18":4,"19":1,"20":1,"21":4,"22":3,"23":3,"24":3,"25":3,"26":3,"27":1,"28":2,"29":2,"30":2,"31":1,"32":1,"33":1,"34":1,"35":4,"36":0,"37":0,"38":0,"39":4,"40":0,"41":0},"f":{"0":4,"1":1,"2":1,"3":1,"4":3,"5":0,"6":0},"b":{"0":[1],"1":[3],"2":[1,2],"3":[1,1],"4":[0,0]}}
,"/Users/admin/workspace/facebook-clone/api/src/types/Post.ts": {"path":"/Users/admin/workspace/facebook-clone/api/src/types/Post.ts","statementMap":{"0":{"start":{"line":1,"column":0},"end":{"line":1,"column":43}},"1":{"start":{"line":3,"column":13},"end":{"line":11,"column":3}},"2":{"start":{"line":6,"column":4},"end":{"line":6,"column":17}},"3":{"start":{"line":7,"column":4},"end":{"line":7,"column":22}},"4":{"start":{"line":8,"column":4},"end":{"line":8,"column":21}},"5":{"start":{"line":9,"column":4},"end":{"line":9,"column":24}}},"fnMap":{"0":{"name":"(anonymous_0)","decl":{"start":{"line":5,"column":12},"end":{"line":5,"column":13}},"loc":{"start":{"line":5,"column":14},"end":{"line":10,"column":3}}}},"branchMap":{},"s":{"0":2,"1":2,"2":4,"3":4,"4":4,"5":4},"f":{"0":4},"b":{}}
,"/Users/admin/workspace/facebook-clone/api/src/types/Query.ts": {"path":"/Users/admin/workspace/facebook-clone/api/src/types/Query.ts","statementMap":{"0":{"start":{"line":1,"column":0},"end":{"line":1,"column":43}},"1":{"start":{"line":3,"column":13},"end":{"line":33,"column":3}},"2":{"start":{"line":5,"column":2},"end":{"line":5,"column":12}},"3":{"start":{"line":6,"column":4},"end":{"line":17,"column":7}},"4":{"start":{"line":9,"column":45},"end":{"line":16,"column":null}},"5":{"start":{"line":10,"column":14},"end":{"line":10,"column":44}},"6":{"start":{"line":12,"column":17},"end":{"line":12,"column":70}},"7":{"start":{"line":12,"column":10},"end":{"line":12,"column":70}},"8":{"start":{"line":14,"column":10},"end":{"line":14,"column":22}},"9":{"start":{"line":19,"column":4},"end":{"line":24,"column":7}},"10":{"start":{"line":22,"column":8},"end":{"line":22,"column":46}},"11":{"start":{"line":26,"column":4},"end":{"line":31,"column":7}},"12":{"start":{"line":29,"column":8},"end":{"line":29,"column":80}}},"fnMap":{"0":{"name":"(anonymous_13)","decl":{"start":{"line":5,"column":12},"end":{"line":5,"column":13}},"loc":{"start":{"line":5,"column":14},"end":{"line":32,"column":3}}},"1":{"name":"(anonymous_14)","decl":{"start":{"line":9,"column":15},"end":{"line":9,"column":22}},"loc":{"start":{"line":9,"column":45},"end":{"line":16,"column":null}}},"2":{"name":"(anonymous_15)","decl":{"start":{"line":9,"column":45},"end":{"line":9,"column":null}},"loc":{"start":{"line":9,"column":45},"end":{"line":16,"column":null}}},"3":{"name":"(anonymous_17)","decl":{"start":{"line":21,"column":15},"end":{"line":21,"column":16}},"loc":{"start":{"line":21,"column":39},"end":{"line":23,"column":7}}},"4":{"name":"(anonymous_18)","decl":{"start":{"line":28,"column":15},"end":{"line":28,"column":16}},"loc":{"start":{"line":28,"column":39},"end":{"line":30,"column":7}}}},"branchMap":{"0":{"loc":{"start":{"line":12,"column":10},"end":{"line":12,"column":70}},"type":"switch","locations":[{"start":{"line":12,"column":10},"end":{"line":12,"column":70}}]},"1":{"loc":{"start":{"line":10,"column":19},"end":{"line":10,"column":37}},"type":"binary-expr","locations":[{"start":{"line":10,"column":19},"end":{"line":10,"column":37}},{"start":{"line":10,"column":41},"end":{"line":10,"column":43}}]}},"s":{"0":2,"1":2,"2":4,"3":4,"4":0,"5":0,"6":0,"7":0,"8":0,"9":4,"10":0,"11":4,"12":1},"f":{"0":4,"1":0,"2":0,"3":0,"4":1},"b":{"0":[0],"1":[0,0]}}
,"/Users/admin/workspace/facebook-clone/api/src/types/User.ts": {"path":"/Users/admin/workspace/facebook-clone/api/src/types/User.ts","statementMap":{"0":{"start":{"line":1,"column":0},"end":{"line":1,"column":43}},"1":{"start":{"line":3,"column":13},"end":{"line":16,"column":3}},"2":{"start":{"line":6,"column":4},"end":{"line":6,"column":17}},"3":{"start":{"line":7,"column":4},"end":{"line":7,"column":24}},"4":{"start":{"line":8,"column":4},"end":{"line":8,"column":23}},"5":{"start":{"line":9,"column":4},"end":{"line":9,"column":20}},"6":{"start":{"line":10,"column":4},"end":{"line":10,"column":23}},"7":{"start":{"line":11,"column":4},"end":{"line":11,"column":21}},"8":{"start":{"line":12,"column":4},"end":{"line":12,"column":36}},"9":{"start":{"line":13,"column":4},"end":{"line":13,"column":40}},"10":{"start":{"line":14,"column":4},"end":{"line":14,"column":40}}},"fnMap":{"0":{"name":"(anonymous_0)","decl":{"start":{"line":5,"column":12},"end":{"line":5,"column":13}},"loc":{"start":{"line":5,"column":14},"end":{"line":15,"column":3}}}},"branchMap":{},"s":{"0":2,"1":2,"2":4,"3":4,"4":4,"5":4,"6":4,"7":4,"8":4,"9":4,"10":4},"f":{"0":4},"b":{}}
,"/Users/admin/workspace/facebook-clone/api/src/types/helpers.ts": {"path":"/Users/admin/workspace/facebook-clone/api/src/types/helpers.ts","statementMap":{"0":{"start":{"line":1,"column":0},"end":{"line":1,"column":53}},"1":{"start":{"line":3,"column":13},"end":{"line":4,"column":56}},"2":{"start":{"line":4,"column":2},"end":{"line":4,"column":56}},"3":{"start":{"line":5,"column":13},"end":{"line":6,"column":54}},"4":{"start":{"line":6,"column":2},"end":{"line":6,"column":54}},"5":{"start":{"line":7,"column":13},"end":{"line":8,"column":44}},"6":{"start":{"line":8,"column":2},"end":{"line":8,"column":44}}},"fnMap":{"0":{"name":"(anonymous_2)","decl":{"start":{"line":3,"column":35},"end":{"line":3,"column":36}},"loc":{"start":{"line":3,"column":76},"end":{"line":4,"column":5}}},"1":{"name":"(anonymous_3)","decl":{"start":{"line":5,"column":33},"end":{"line":5,"column":34}},"loc":{"start":{"line":5,"column":72},"end":{"line":6,"column":5}}},"2":{"name":"(anonymous_4)","decl":{"start":{"line":7,"column":33},"end":{"line":7,"column":34}},"loc":{"start":{"line":7,"column":71},"end":{"line":8,"column":11}}}},"branchMap":{},"s":{"0":2,"1":2,"2":4,"3":2,"4":4,"5":2,"6":24},"f":{"0":4,"1":4,"2":24},"b":{}}
,"/Users/admin/workspace/facebook-clone/api/src/utils/cookies.ts": {"path":"/Users/admin/workspace/facebook-clone/api/src/utils/cookies.ts","statementMap":{"0":{"start":{"line":1,"column":0},"end":{"line":1,"column":36}},"1":{"start":{"line":2,"column":0},"end":{"line":2,"column":39}},"2":{"start":{"line":5,"column":2},"end":{"line":5,"column":35}},"3":{"start":{"line":4,"column":0},"end":{"line":4,"column":16}},"4":{"start":{"line":9,"column":2},"end":{"line":12,"column":5}},"5":{"start":{"line":8,"column":0},"end":{"line":8,"column":16}},"6":{"start":{"line":16,"column":2},"end":{"line":16,"column":27}},"7":{"start":{"line":15,"column":0},"end":{"line":15,"column":16}}},"fnMap":{"0":{"name":"generateToken","decl":{"start":{"line":4,"column":16},"end":{"line":4,"column":29}},"loc":{"start":{"line":4,"column":42},"end":{"line":6,"column":1}}},"1":{"name":"setCookie","decl":{"start":{"line":8,"column":16},"end":{"line":8,"column":25}},"loc":{"start":{"line":8,"column":46},"end":{"line":13,"column":1}}},"2":{"name":"clearCookie","decl":{"start":{"line":15,"column":16},"end":{"line":15,"column":27}},"loc":{"start":{"line":15,"column":36},"end":{"line":17,"column":1}}}},"branchMap":{},"s":{"0":1,"1":1,"2":0,"3":1,"4":0,"5":1,"6":0,"7":1},"f":{"0":0,"1":0,"2":0},"b":{}}
,"/Users/admin/workspace/facebook-clone/api/src/utils/mocks/prisma.ts": {"path":"/Users/admin/workspace/facebook-clone/api/src/utils/mocks/prisma.ts","statementMap":{"0":{"start":{"line":1,"column":15},"end":{"line":10,"column":2}},"1":{"start":{"line":3,"column":30},"end":{"line":3,"column":59}},"2":{"start":{"line":4,"column":31},"end":{"line":4,"column":60}},"3":{"start":{"line":5,"column":32},"end":{"line":5,"column":61}},"4":{"start":{"line":8,"column":32},"end":{"line":8,"column":61}},"5":{"start":{"line":12,"column":0},"end":{"line":12,"column":22}}},"fnMap":{"0":{"name":"(anonymous_2)","decl":{"start":{"line":3,"column":20},"end":{"line":3,"column":21}},"loc":{"start":{"line":3,"column":25},"end":{"line":3,"column":37}}},"1":{"name":"(anonymous_3)","decl":{"start":{"line":4,"column":21},"end":{"line":4,"column":22}},"loc":{"start":{"line":4,"column":26},"end":{"line":4,"column":38}}},"2":{"name":"(anonymous_4)","decl":{"start":{"line":5,"column":22},"end":{"line":5,"column":23}},"loc":{"start":{"line":5,"column":27},"end":{"line":5,"column":39}}},"3":{"name":"(anonymous_5)","decl":{"start":{"line":8,"column":22},"end":{"line":8,"column":23}},"loc":{"start":{"line":8,"column":27},"end":{"line":8,"column":39}}}},"branchMap":{},"s":{"0":2,"1":1,"2":2,"3":0,"4":1,"5":2},"f":{"0":1,"1":2,"2":0,"3":1},"b":{}}
}
