{"/Users/admin/workspace/facebook-clone/api/src/config.ts": {"path":"/Users/admin/workspace/facebook-clone/api/src/config.ts","statementMap":{"0":{"start":{"line":1,"column":0},"end":{"line":1,"column":28}},"1":{"start":{"line":3,"column":0},"end":{"line":7,"column":null}},"2":{"start":{"line":4,"column":2},"end":{"line":4,"column":46}},"3":{"start":{"line":5,"column":7},"end":{"line":7,"column":null}},"4":{"start":{"line":6,"column":2},"end":{"line":6,"column":39}},"5":{"start":{"line":9,"column":13},"end":{"line":9,"column":59}},"6":{"start":{"line":10,"column":13},"end":{"line":10,"column":45}}},"fnMap":{},"branchMap":{"0":{"loc":{"start":{"line":3,"column":0},"end":{"line":7,"column":null}},"type":"if","locations":[{"start":{"line":3,"column":0},"end":{"line":7,"column":null}},{"start":{"line":3,"column":0},"end":{"line":7,"column":null}}]},"1":{"loc":{"start":{"line":5,"column":7},"end":{"line":7,"column":null}},"type":"if","locations":[{"start":{"line":5,"column":7},"end":{"line":7,"column":null}},{"start":{"line":5,"column":7},"end":{"line":7,"column":null}}]}},"s":{"0":2,"1":2,"2":0,"3":2,"4":2,"5":2,"6":2},"f":{},"b":{"0":[0,2],"1":[2,0]}}
,"/Users/admin/workspace/facebook-clone/api/src/schema.ts": {"path":"/Users/admin/workspace/facebook-clone/api/src/schema.ts","statementMap":{"0":{"start":{"line":1,"column":0},"end":{"line":1,"column":43}},"1":{"start":{"line":2,"column":0},"end":{"line":2,"column":49}},"2":{"start":{"line":3,"column":0},"end":{"line":3,"column":28}},"3":{"start":{"line":5,"column":13},"end":{"line":25,"column":3}}},"fnMap":{},"branchMap":{},"s":{"0":2,"1":2,"2":2,"3":2},"f":{},"b":{}}
,"/Users/admin/workspace/facebook-clone/api/src/testUtils.ts": {"path":"/Users/admin/workspace/facebook-clone/api/src/testUtils.ts","statementMap":{"0":{"start":{"line":1,"column":0},"end":{"line":1,"column":53}},"1":{"start":{"line":2,"column":0},"end":{"line":2,"column":34}},"2":{"start":{"line":4,"column":13},"end":{"line":5,"column":40}},"3":{"start":{"line":5,"column":2},"end":{"line":5,"column":40}}},"fnMap":{"0":{"name":"(anonymous_0)","decl":{"start":{"line":4,"column":32},"end":{"line":4,"column":33}},"loc":{"start":{"line":4,"column":45},"end":{"line":5,"column":6}}}},"branchMap":{},"s":{"0":2,"1":2,"2":2,"3":2},"f":{"0":2},"b":{}}
,"/Users/admin/workspace/facebook-clone/api/src/types.ts": {"path":"/Users/admin/workspace/facebook-clone/api/src/types.ts","statementMap":{"0":{"start":{"line":1,"column":0},"end":{"line":1,"column":50}},"1":{"start":{"line":2,"column":0},"end":{"line":2,"column":38}},"2":{"start":{"line":3,"column":0},"end":{"line":3,"column":44}},"3":{"start":{"line":4,"column":0},"end":{"line":4,"column":36}},"4":{"start":{"line":5,"column":0},"end":{"line":5,"column":36}},"5":{"start":{"line":7,"column":0},"end":{"line":7,"column":58}}},"fnMap":{},"branchMap":{},"s":{"0":2,"1":2,"2":2,"3":2,"4":2,"5":2},"f":{},"b":{}}
,"/Users/admin/workspace/facebook-clone/api/src/utils.ts": {"path":"/Users/admin/workspace/facebook-clone/api/src/utils.ts","statementMap":{"0":{"start":{"line":2,"column":0},"end":{"line":2,"column":38}},"1":{"start":{"line":3,"column":0},"end":{"line":3,"column":38}},"2":{"start":{"line":10,"column":24},"end":{"line":10,"column":53}},"3":{"start":{"line":11,"column":2},"end":{"line":15,"column":null}},"4":{"start":{"line":12,"column":18},"end":{"line":12,"column":54}},"5":{"start":{"line":13,"column":26},"end":{"line":13,"column":60}},"6":{"start":{"line":14,"column":4},"end":{"line":14,"column":33}},"7":{"start":{"line":9,"column":0},"end":{"line":9,"column":16}}},"fnMap":{"0":{"name":"getUserId","decl":{"start":{"line":9,"column":16},"end":{"line":9,"column":25}},"loc":{"start":{"line":9,"column":38},"end":{"line":16,"column":1}}}},"branchMap":{"0":{"loc":{"start":{"line":11,"column":2},"end":{"line":15,"column":null}},"type":"if","locations":[{"start":{"line":11,"column":2},"end":{"line":15,"column":null}},{"start":{"line":11,"column":2},"end":{"line":15,"column":null}}]},"1":{"loc":{"start":{"line":14,"column":24},"end":{"line":14,"column":26}},"type":"cond-expr","locations":[{"start":{"line":14,"column":24},"end":{"line":14,"column":26}},{"start":{"line":14,"column":11},"end":{"line":14,"column":32}}]},"2":{"loc":{"start":{"line":14,"column":11},"end":{"line":14,"column":26}},"type":"binary-expr","locations":[{"start":{"line":14,"column":11},"end":{"line":14,"column":26}},{"start":{"line":14,"column":11},"end":{"line":14,"column":26}}]}},"s":{"0":1,"1":1,"2":0,"3":0,"4":0,"5":0,"6":0,"7":1},"f":{"0":0},"b":{"0":[0,0],"1":[0,0],"2":[0,0]}}
,"/Users/admin/workspace/facebook-clone/api/src/types/AuthPayload.ts": {"path":"/Users/admin/workspace/facebook-clone/api/src/types/AuthPayload.ts","statementMap":{"0":{"start":{"line":1,"column":0},"end":{"line":1,"column":43}},"1":{"start":{"line":3,"column":13},"end":{"line":9,"column":3}},"2":{"start":{"line":6,"column":4},"end":{"line":6,"column":22}},"3":{"start":{"line":7,"column":4},"end":{"line":7,"column":38}}},"fnMap":{"0":{"name":"(anonymous_0)","decl":{"start":{"line":5,"column":12},"end":{"line":5,"column":13}},"loc":{"start":{"line":5,"column":14},"end":{"line":8,"column":3}}}},"branchMap":{},"s":{"0":2,"1":2,"2":4,"3":4},"f":{"0":4},"b":{}}
,"/Users/admin/workspace/facebook-clone/api/src/types/Mutation.ts": {"path":"/Users/admin/workspace/facebook-clone/api/src/types/Mutation.ts","statementMap":{"0":{"start":{"line":1,"column":0},"end":{"line":1,"column":62}},"1":{"start":{"line":2,"column":0},"end":{"line":2,"column":41}},"2":{"start":{"line":3,"column":0},"end":{"line":3,"column":36}},"3":{"start":{"line":4,"column":0},"end":{"line":4,"column":39}},"4":{"start":{"line":6,"column":13},"end":{"line":56,"column":3}},"5":{"start":{"line":8,"column":2},"end":{"line":8,"column":12}},"6":{"start":{"line":9,"column":4},"end":{"line":30,"column":7}},"7":{"start":{"line":16,"column":37},"end":{"line":16,"column":39}},"8":{"start":{"line":16,"column":44},"end":{"line":16,"column":46}},"9":{"start":{"line":16,"column":54},"end":{"line":16,"column":56}},"10":{"start":{"line":17,"column":29},"end":{"line":17,"column":null}},"11":{"start":{"line":17,"column":14},"end":{"line":17,"column":null}},"12":{"start":{"line":18,"column":21},"end":{"line":24,"column":null}},"13":{"start":{"line":18,"column":14},"end":{"line":24,"column":null}},"14":{"start":{"line":26,"column":14},"end":{"line":26,"column":60}},"15":{"start":{"line":28,"column":8},"end":{"line":28,"column":31}},"16":{"start":{"line":32,"column":4},"end":{"line":54,"column":7}},"17":{"start":{"line":38,"column":38},"end":{"line":38,"column":40}},"18":{"start":{"line":38,"column":48},"end":{"line":38,"column":50}},"19":{"start":{"line":39,"column":21},"end":{"line":39,"column":null}},"20":{"start":{"line":39,"column":14},"end":{"line":39,"column":null}},"21":{"start":{"line":42,"column":8},"end":{"line":42,"column":55}},"22":{"start":{"line":42,"column":19},"end":{"line":42,"column":55}},"23":{"start":{"line":44,"column":32},"end":{"line":44,"column":null}},"24":{"start":{"line":44,"column":14},"end":{"line":44,"column":null}},"25":{"start":{"line":45,"column":8},"end":{"line":45,"column":66}},"26":{"start":{"line":45,"column":30},"end":{"line":45,"column":66}},"27":{"start":{"line":47,"column":14},"end":{"line":47,"column":60}},"28":{"start":{"line":49,"column":8},"end":{"line":52,"column":10}}},"fnMap":{"0":{"name":"(anonymous_13)","decl":{"start":{"line":8,"column":12},"end":{"line":8,"column":13}},"loc":{"start":{"line":8,"column":14},"end":{"line":55,"column":3}}},"1":{"name":"(anonymous_14)","decl":{"start":{"line":16,"column":15},"end":{"line":16,"column":22}},"loc":{"start":{"line":16,"column":61},"end":{"line":29,"column":null}}},"2":{"name":"(anonymous_17)","decl":{"start":{"line":38,"column":15},"end":{"line":38,"column":22}},"loc":{"start":{"line":38,"column":55},"end":{"line":53,"column":null}}}},"branchMap":{"0":{"loc":{"start":{"line":17,"column":29},"end":{"line":17,"column":null}},"type":"switch","locations":[{"start":{"line":17,"column":29},"end":{"line":17,"column":null}}]},"1":{"loc":{"start":{"line":39,"column":21},"end":{"line":39,"column":null}},"type":"switch","locations":[{"start":{"line":39,"column":21},"end":{"line":39,"column":null}}]},"2":{"loc":{"start":{"line":42,"column":8},"end":{"line":42,"column":55}},"type":"if","locations":[{"start":{"line":42,"column":8},"end":{"line":42,"column":55}},{"start":{"line":42,"column":8},"end":{"line":42,"column":55}}]},"3":{"loc":{"start":{"line":45,"column":8},"end":{"line":45,"column":66}},"type":"if","locations":[{"start":{"line":45,"column":8},"end":{"line":45,"column":66}},{"start":{"line":45,"column":8},"end":{"line":45,"column":66}}]}},"s":{"0":2,"1":2,"2":2,"3":2,"4":2,"5":4,"6":4,"7":1,"8":1,"9":1,"10":1,"11":1,"12":1,"13":1,"14":1,"15":1,"16":4,"17":3,"18":3,"19":3,"20":3,"21":3,"22":1,"23":2,"24":2,"25":2,"26":1,"27":1,"28":1},"f":{"0":4,"1":1,"2":3},"b":{"0":[1],"1":[3],"2":[1,2],"3":[1,1]}}
,"/Users/admin/workspace/facebook-clone/api/src/types/Post.ts": {"path":"/Users/admin/workspace/facebook-clone/api/src/types/Post.ts","statementMap":{"0":{"start":{"line":1,"column":0},"end":{"line":1,"column":43}},"1":{"start":{"line":3,"column":13},"end":{"line":10,"column":3}},"2":{"start":{"line":6,"column":4},"end":{"line":6,"column":17}},"3":{"start":{"line":7,"column":4},"end":{"line":7,"column":22}},"4":{"start":{"line":8,"column":4},"end":{"line":8,"column":21}}},"fnMap":{"0":{"name":"(anonymous_0)","decl":{"start":{"line":5,"column":12},"end":{"line":5,"column":13}},"loc":{"start":{"line":5,"column":14},"end":{"line":9,"column":3}}}},"branchMap":{},"s":{"0":2,"1":2,"2":4,"3":4,"4":4},"f":{"0":4},"b":{}}
,"/Users/admin/workspace/facebook-clone/api/src/types/Query.ts": {"path":"/Users/admin/workspace/facebook-clone/api/src/types/Query.ts","statementMap":{"0":{"start":{"line":1,"column":0},"end":{"line":1,"column":54}},"1":{"start":{"line":2,"column":0},"end":{"line":2,"column":37}},"2":{"start":{"line":4,"column":13},"end":{"line":45,"column":3}},"3":{"start":{"line":7,"column":4},"end":{"line":15,"column":7}},"4":{"start":{"line":11,"column":23},"end":{"line":11,"column":37}},"5":{"start":{"line":12,"column":8},"end":{"line":12,"column":33}},"6":{"start":{"line":12,"column":21},"end":{"line":12,"column":33}},"7":{"start":{"line":13,"column":8},"end":{"line":13,"column":74}},"8":{"start":{"line":17,"column":4},"end":{"line":22,"column":7}},"9":{"start":{"line":20,"column":8},"end":{"line":20,"column":42}},"10":{"start":{"line":24,"column":4},"end":{"line":29,"column":7}},"11":{"start":{"line":27,"column":8},"end":{"line":27,"column":42}},"12":{"start":{"line":31,"column":4},"end":{"line":43,"column":7}},"13":{"start":{"line":36,"column":39},"end":{"line":36,"column":41}},"14":{"start":{"line":37,"column":8},"end":{"line":41,"column":11}}},"fnMap":{"0":{"name":"(anonymous_0)","decl":{"start":{"line":6,"column":12},"end":{"line":6,"column":13}},"loc":{"start":{"line":6,"column":14},"end":{"line":44,"column":3}}},"1":{"name":"(anonymous_1)","decl":{"start":{"line":10,"column":15},"end":{"line":10,"column":16}},"loc":{"start":{"line":10,"column":33},"end":{"line":14,"column":7}}},"2":{"name":"(anonymous_2)","decl":{"start":{"line":19,"column":15},"end":{"line":19,"column":16}},"loc":{"start":{"line":19,"column":35},"end":{"line":21,"column":7}}},"3":{"name":"(anonymous_3)","decl":{"start":{"line":26,"column":15},"end":{"line":26,"column":16}},"loc":{"start":{"line":26,"column":35},"end":{"line":28,"column":7}}},"4":{"name":"(anonymous_4)","decl":{"start":{"line":36,"column":15},"end":{"line":36,"column":16}},"loc":{"start":{"line":36,"column":46},"end":{"line":42,"column":7}}}},"branchMap":{"0":{"loc":{"start":{"line":12,"column":8},"end":{"line":12,"column":33}},"type":"if","locations":[{"start":{"line":12,"column":8},"end":{"line":12,"column":33}},{"start":{"line":12,"column":8},"end":{"line":12,"column":33}}]}},"s":{"0":2,"1":2,"2":2,"3":4,"4":1,"5":1,"6":0,"7":1,"8":4,"9":0,"10":4,"11":0,"12":4,"13":0,"14":0},"f":{"0":4,"1":1,"2":0,"3":0,"4":0},"b":{"0":[0,1]}}
,"/Users/admin/workspace/facebook-clone/api/src/types/User.ts": {"path":"/Users/admin/workspace/facebook-clone/api/src/types/User.ts","statementMap":{"0":{"start":{"line":1,"column":0},"end":{"line":1,"column":43}},"1":{"start":{"line":3,"column":13},"end":{"line":11,"column":3}},"2":{"start":{"line":6,"column":4},"end":{"line":6,"column":17}},"3":{"start":{"line":7,"column":4},"end":{"line":7,"column":19}},"4":{"start":{"line":8,"column":4},"end":{"line":8,"column":20}},"5":{"start":{"line":9,"column":4},"end":{"line":9,"column":41}}},"fnMap":{"0":{"name":"(anonymous_0)","decl":{"start":{"line":5,"column":12},"end":{"line":5,"column":13}},"loc":{"start":{"line":5,"column":14},"end":{"line":10,"column":3}}}},"branchMap":{},"s":{"0":2,"1":2,"2":4,"3":4,"4":4,"5":4},"f":{"0":4},"b":{}}
}
