TN:
SF:src/config.ts
FNF:0
FNH:0
DA:1,1
DA:3,1
DA:4,0
DA:5,1
DA:6,1
DA:9,1
DA:10,1
LF:7
LH:6
BRDA:3,0,0,0
BRDA:3,0,1,1
BRDA:5,1,0,1
BRDA:5,1,1,0
BRF:4
BRH:2
end_of_record
TN:
SF:src/schema.ts
FNF:0
FNH:0
DA:1,2
DA:2,2
DA:3,2
DA:5,2
LF:4
LH:4
BRF:0
BRH:0
end_of_record
TN:
SF:src/testUtils.ts
FN:4,(anonymous_0)
FNF:1
FNH:1
FNDA:2,(anonymous_0)
DA:1,2
DA:2,2
DA:4,2
DA:5,2
LF:4
LH:4
BRF:0
BRH:0
end_of_record
TN:
SF:src/types.ts
FNF:0
FNH:0
DA:1,2
DA:2,2
DA:3,2
DA:4,2
DA:5,2
DA:7,2
LF:6
LH:6
BRF:0
BRH:0
end_of_record
TN:
SF:src/types/FriendStatus.ts
FN:5,(anonymous_0)
FNF:1
FNH:1
FNDA:4,(anonymous_0)
DA:1,2
DA:3,2
DA:6,4
DA:7,4
DA:8,4
DA:9,4
DA:10,4
DA:11,4
DA:12,4
DA:13,4
LF:10
LH:10
BRF:0
BRH:0
end_of_record
TN:
SF:src/types/Mutation.ts
FN:15,(anonymous_16)
FN:31,(anonymous_17)
FN:31,(anonymous_18)
FN:49,(anonymous_20)
FN:61,(anonymous_21)
FN:82,(anonymous_24)
FN:99,(anonymous_25)
FNF:7
FNH:5
FNDA:4,(anonymous_16)
FNDA:1,(anonymous_17)
FNDA:1,(anonymous_18)
FNDA:1,(anonymous_20)
FNDA:3,(anonymous_21)
FNDA:0,(anonymous_24)
FNDA:0,(anonymous_25)
DA:1,2
DA:2,2
DA:5,2
DA:10,2
DA:11,2
DA:13,2
DA:15,4
DA:16,4
DA:31,1
DA:32,1
DA:33,1
DA:40,1
DA:41,1
DA:43,1
DA:47,4
DA:50,1
DA:51,1
DA:55,4
DA:61,3
DA:62,3
DA:63,3
DA:65,2
DA:66,2
DA:67,1
DA:69,1
DA:70,1
DA:72,1
DA:76,4
DA:82,0
DA:83,0
DA:84,0
DA:93,4
DA:99,0
DA:100,0
LF:34
LH:29
BRDA:32,0,0,1
BRDA:62,1,0,3
BRDA:63,2,0,1
BRDA:63,2,1,2
BRDA:66,3,0,1
BRDA:66,3,1,1
BRDA:83,4,0,0
BRDA:83,4,1,0
BRF:8
BRH:6
end_of_record
TN:
SF:src/types/PostItem.ts
FN:5,(anonymous_0)
FNF:1
FNH:1
FNDA:4,(anonymous_0)
DA:1,2
DA:3,2
DA:6,4
DA:7,4
DA:8,4
DA:9,4
LF:6
LH:6
BRF:0
BRH:0
end_of_record
TN:
SF:src/types/Query.ts
FN:5,(anonymous_13)
FN:9,(anonymous_14)
FN:9,(anonymous_15)
FN:21,(anonymous_17)
FN:28,(anonymous_18)
FNF:5
FNH:2
FNDA:4,(anonymous_13)
FNDA:0,(anonymous_14)
FNDA:0,(anonymous_15)
FNDA:0,(anonymous_17)
FNDA:1,(anonymous_18)
DA:1,2
DA:3,2
DA:5,4
DA:6,4
DA:9,0
DA:10,0
DA:12,0
DA:14,0
DA:19,4
DA:22,0
DA:26,4
DA:29,1
LF:12
LH:7
BRDA:12,0,0,0
BRDA:10,1,0,0
BRDA:10,1,1,0
BRF:3
BRH:0
end_of_record
TN:
SF:src/types/User.ts
FN:5,(anonymous_0)
FNF:1
FNH:1
FNDA:4,(anonymous_0)
DA:1,2
DA:3,2
DA:6,4
DA:7,4
DA:8,4
DA:9,4
DA:10,4
DA:11,4
DA:12,4
DA:13,4
DA:14,4
LF:11
LH:11
BRF:0
BRH:0
end_of_record
TN:
SF:src/types/createConnection.ts
FN:3,(anonymous_2)
FN:5,(anonymous_3)
FN:7,(anonymous_4)
FNF:3
FNH:3
FNDA:4,(anonymous_2)
FNDA:4,(anonymous_3)
FNDA:24,(anonymous_4)
DA:1,2
DA:3,2
DA:4,4
DA:5,2
DA:6,4
DA:7,2
DA:8,24
LF:7
LH:7
BRF:0
BRH:0
end_of_record
TN:
SF:src/utils/cookies.ts
FN:4,generateToken
FN:8,setCookie
FN:15,clearCookie
FNF:3
FNH:0
FNDA:0,generateToken
FNDA:0,setCookie
FNDA:0,clearCookie
DA:1,1
DA:2,1
DA:4,1
DA:5,0
DA:8,1
DA:9,0
DA:15,1
DA:16,0
LF:8
LH:5
BRF:0
BRH:0
end_of_record
TN:
SF:src/utils/mocks/prisma.ts
FN:3,(anonymous_2)
FN:4,(anonymous_3)
FN:5,(anonymous_4)
FN:8,(anonymous_5)
FNF:4
FNH:3
FNDA:1,(anonymous_2)
FNDA:2,(anonymous_3)
FNDA:0,(anonymous_4)
FNDA:1,(anonymous_5)
DA:1,2
DA:3,1
DA:4,2
DA:5,0
DA:8,1
DA:12,2
LF:6
LH:5
BRF:0
BRH:0
end_of_record
