TN:
SF:src/config.ts
FNF:0
FNH:0
DA:1,2
DA:3,2
DA:4,0
DA:5,2
DA:6,2
DA:9,2
DA:10,2
LF:7
LH:6
BRDA:3,0,0,0
BRDA:3,0,1,2
BRDA:5,1,0,2
BRDA:5,1,1,0
BRF:4
BRH:2
end_of_record
TN:
SF:src/schema.ts
FNF:0
FNH:0
DA:1,2
DA:2,2
DA:3,2
DA:5,2
LF:4
LH:4
BRF:0
BRH:0
end_of_record
TN:
SF:src/testUtils.ts
FN:4,(anonymous_0)
FNF:1
FNH:1
FNDA:2,(anonymous_0)
DA:1,2
DA:2,2
DA:4,2
DA:5,2
LF:4
LH:4
BRF:0
BRH:0
end_of_record
TN:
SF:src/types.ts
FNF:0
FNH:0
DA:1,2
DA:2,2
DA:3,2
DA:4,2
DA:5,2
DA:7,2
LF:6
LH:6
BRF:0
BRH:0
end_of_record
TN:
SF:src/utils.ts
FN:9,getUserId
FNF:1
FNH:0
FNDA:0,getUserId
DA:2,1
DA:3,1
DA:9,1
DA:10,0
DA:11,0
DA:12,0
DA:13,0
DA:14,0
LF:8
LH:3
BRDA:11,0,0,0
BRDA:11,0,1,0
BRDA:14,1,0,0
BRDA:14,1,1,0
BRDA:14,2,0,0
BRDA:14,2,1,0
BRF:6
BRH:0
end_of_record
TN:
SF:src/types/AuthPayload.ts
FN:5,(anonymous_0)
FNF:1
FNH:1
FNDA:4,(anonymous_0)
DA:1,2
DA:3,2
DA:6,4
DA:7,4
LF:4
LH:4
BRF:0
BRH:0
end_of_record
TN:
SF:src/types/Mutation.ts
FN:8,(anonymous_13)
FN:16,(anonymous_14)
FN:38,(anonymous_17)
FNF:3
FNH:3
FNDA:4,(anonymous_13)
FNDA:1,(anonymous_14)
FNDA:3,(anonymous_17)
DA:1,2
DA:2,2
DA:3,2
DA:4,2
DA:6,2
DA:8,4
DA:9,4
DA:16,1
DA:17,1
DA:18,1
DA:26,1
DA:28,1
DA:32,4
DA:38,3
DA:39,3
DA:42,3
DA:44,2
DA:45,2
DA:47,1
DA:49,1
LF:20
LH:20
BRDA:17,0,0,1
BRDA:39,1,0,3
BRDA:42,2,0,1
BRDA:42,2,1,2
BRDA:45,3,0,1
BRDA:45,3,1,1
BRF:6
BRH:6
end_of_record
TN:
SF:src/types/Post.ts
FN:5,(anonymous_0)
FNF:1
FNH:1
FNDA:4,(anonymous_0)
DA:1,2
DA:3,2
DA:6,4
DA:7,4
DA:8,4
LF:5
LH:5
BRF:0
BRH:0
end_of_record
TN:
SF:src/types/Query.ts
FN:6,(anonymous_0)
FN:10,(anonymous_1)
FN:19,(anonymous_2)
FN:26,(anonymous_3)
FN:36,(anonymous_4)
FNF:5
FNH:2
FNDA:4,(anonymous_0)
FNDA:1,(anonymous_1)
FNDA:0,(anonymous_2)
FNDA:0,(anonymous_3)
FNDA:0,(anonymous_4)
DA:1,2
DA:2,2
DA:4,2
DA:7,4
DA:11,1
DA:12,1
DA:13,1
DA:17,4
DA:20,0
DA:24,4
DA:27,0
DA:31,4
DA:36,0
DA:37,0
LF:14
LH:10
BRDA:12,0,0,0
BRDA:12,0,1,1
BRF:2
BRH:1
end_of_record
TN:
SF:src/types/User.ts
FN:5,(anonymous_0)
FNF:1
FNH:1
FNDA:4,(anonymous_0)
DA:1,2
DA:3,2
DA:6,4
DA:7,4
DA:8,4
DA:9,4
LF:6
LH:6
BRF:0
BRH:0
end_of_record
